<?xml version="1.0" encoding="UTF-8"?>
<testsuite name="com.kodilla.stream.array.ArrayOperationsTestSuite" tests="1" skipped="0" failures="0" errors="0" timestamp="2018-09-18T19:31:45" hostname="MSIPQ" time="0.015">
  <properties/>
  <testcase name="testGetAverage" classname="com.kodilla.stream.array.ArrayOperationsTestSuite" time="0.015"/>
  <system-out><![CDATA[12
5
20
9
3
57
1
7
109
67
17
9
60
33
123
87
609
44
2
99
]]></system-out>
  <system-err><![CDATA[]]></system-err>
</testsuite>
