<?xml version="1.0" encoding="UTF-8"?>
<testsuite name="com.kodilla.testing.collection.CollectionTestSuite" tests="2" skipped="0" failures="0" errors="0" timestamp="2018-08-09T16:48:44" hostname="MSIPQ" time="0.006">
  <properties/>
  <testcase name="testOddNumbersExterminatorEmptyList" classname="com.kodilla.testing.collection.CollectionTestSuite" time="0.005"/>
  <testcase name="testOddNumbersExterminatorNormalList" classname="com.kodilla.testing.collection.CollectionTestSuite" time="0.001"/>
  <system-out><![CDATA[Test Case: begin
Testing exterminating empty list
Test Case: end
Test Case: begin
Testing exterminating normal list
Test Case: end
]]></system-out>
  <system-err><![CDATA[]]></system-err>
</testsuite>
